{"time":"2026-03-30T15:21:42.38106Z","level":"INFO","msg":"starting executor grpc server","svc":"executor","addr":":50053"}
{"time":"2026-03-30T15:21:42.394483Z","level":"INFO","msg":"service starting","caller":"executor","service":"executor"}
{"time":"2026-03-30T15:21:42.394566Z","level":"INFO","msg":"autodiscovering locally hosted SDKs"}
{"time":"2026-03-30T15:21:42.394575Z","level":"INFO","msg":"subscribing to function queue"}
{"time":"2026-03-30T15:21:42.394694Z","level":"INFO","msg":"starting event stream","backend":"redis"}
{"time":"2026-03-30T15:21:42.394732Z","level":"INFO","msg":"service starting","caller":"runner","service":"runner"}
{"time":"2026-03-30T15:21:42.394533Z","level":"INFO","msg":"service starting","caller":"api","service":"api"}
{"time":"2026-03-30T15:21:42.394803Z","level":"INFO","msg":"starting server","caller":"api","addr":"0.0.0.0:8288"}
{"time":"2026-03-30T15:21:42.394733Z","level":"INFO","msg":"Executor started in assignedQueueShard Mode","queue_shard":"default"}
{"time":"2026-03-30T15:21:42.394584Z","level":"INFO","msg":"service starting","caller":"devserver","service":"devserver"}
{"time":"2026-03-30T15:21:42.395257Z","level":"INFO","msg":"service starting","caller":"connect-gateway","service":"connect-gateway"}
{"time":"2026-03-30T15:21:42.395441Z","level":"INFO","msg":"starting connect gateway grpc server","caller":"connect-gateway","addr":":50052"}
{"time":"2026-03-30T15:21:42.402178Z","level":"INFO","msg":"subscribing to events","topic":"events"}
{"time":"2026-03-30T15:21:50.606875Z","level":"INFO","msg":"apps synced, disabling auto-discovery"}
{"time":"2026-03-30T15:29:21.776384Z","level":"INFO","msg":"publishing event","caller":"api","event_name":"company/scrape","internal_id":"01KMZNT8V53AT605ECD4A6JG57","external_id":"01KMZNT8V53AT605ECD4A6JG57","event":{"id":"01KMZNT8V53AT605ECD4A6JG57","name":"company/scrape","data":{"batchId":"b38fadd4-00df-40c1-b2c9-037908a89807","companyId":"c067fa27-497c-4c7d-940d-07b8f64cda57"},"ts":1774884561765}}
{"time":"2026-03-30T15:29:21.978654Z","level":"INFO","msg":"received event","event":"company/scrape","event_id":"01KMZNT8V53AT605ECD4A6JG57","internal_id":"01KMZNT8V53AT605ECD4A6JG57"}
{"time":"2026-03-30T15:29:21.987994Z","level":"INFO","msg":"initializing fn","event":"company/scrape","event_id":"01KMZNT8V53AT605ECD4A6JG57","internal_id":"01KMZNT8V53AT605ECD4A6JG57","function":"scrape-company","function_id":"a150c4f5-a846-505d-beab-e0f5a2f2c66f"}
{"time":"2026-03-30T15:29:34.525129Z","level":"INFO","msg":"received event","event":"inngest/function.finished","event_id":"01KMZNTN26GVR4AXD3YDDR59YC","internal_id":"01KMZNTN268W1M23FHC74JMC8P"}
{"time":"2026-03-30T15:30:10.520612Z","level":"INFO","msg":"publishing event","caller":"api","event_name":"jd/analyze","internal_id":"01KMZNVRED3DN1E61WYK5HPH7G","external_id":"01KMZNVRED3DN1E61WYK5HPH7G","event":{"id":"01KMZNVRED3DN1E61WYK5HPH7G","name":"jd/analyze","data":{"batchId":"b38fadd4-00df-40c1-b2c9-037908a89807","jobDescriptionId":"4164bba2-3acd-422a-911c-fe01efa66846"},"ts":1774884610509}}
{"time":"2026-03-30T15:30:10.523198Z","level":"INFO","msg":"publishing event","caller":"api","event_name":"jd/analyze","internal_id":"01KMZNVRED3DN1E61WYK5HPH7H","external_id":"01KMZNVRED3DN1E61WYK5HPH7H","event":{"id":"01KMZNVRED3DN1E61WYK5HPH7H","name":"jd/analyze","data":{"batchId":"b38fadd4-00df-40c1-b2c9-037908a89807","jobDescriptionId":"0eaa7505-1864-44f5-9ab1-d865ee70d957"},"ts":1774884610509}}
{"time":"2026-03-30T15:30:10.523375Z","level":"INFO","msg":"publishing event","caller":"api","event_name":"jd/analyze","internal_id":"01KMZNVRED3DN1E61WYK5HPH7J","external_id":"01KMZNVRED3DN1E61WYK5HPH7J","event":{"id":"01KMZNVRED3DN1E61WYK5HPH7J","name":"jd/analyze","data":{"batchId":"b38fadd4-00df-40c1-b2c9-037908a89807","jobDescriptionId":"94b8b547-4d84-4a16-9c61-9499ea45d8ec"},"ts":1774884610509}}
{"time":"2026-03-30T15:30:10.523496Z","level":"INFO","msg":"publishing event","caller":"api","event_name":"jd/analyze","internal_id":"01KMZNVRED3DN1E61WYK5HPH7K","external_id":"01KMZNVRED3DN1E61WYK5HPH7K","event":{"id":"01KMZNVRED3DN1E61WYK5HPH7K","name":"jd/analyze","data":{"batchId":"b38fadd4-00df-40c1-b2c9-037908a89807","jobDescriptionId":"87ffed5d-12ac-498e-928e-59ecb2d02484"},"ts":1774884610509}}
{"time":"2026-03-30T15:30:10.523695Z","level":"INFO","msg":"publishing event","caller":"api","event_name":"jd/analyze","internal_id":"01KMZNVRED3DN1E61WYK5HPH7M","external_id":"01KMZNVRED3DN1E61WYK5HPH7M","event":{"id":"01KMZNVRED3DN1E61WYK5HPH7M","name":"jd/analyze","data":{"batchId":"b38fadd4-00df-40c1-b2c9-037908a89807","jobDescriptionId":"fa49d512-6bfd-46da-a298-8f9a1916e633"},"ts":1774884610509}}
{"time":"2026-03-30T15:30:10.523835Z","level":"INFO","msg":"publishing event","caller":"api","event_name":"jd/analyze","internal_id":"01KMZNVRED3DN1E61WYK5HPH7N","external_id":"01KMZNVRED3DN1E61WYK5HPH7N","event":{"id":"01KMZNVRED3DN1E61WYK5HPH7N","name":"jd/analyze","data":{"batchId":"b38fadd4-00df-40c1-b2c9-037908a89807","jobDescriptionId":"af0963b7-3793-424c-bd90-ee1a2014913e"},"ts":1774884610509}}
{"time":"2026-03-30T15:30:10.52392Z","level":"INFO","msg":"publishing event","caller":"api","event_name":"jd/analyze","internal_id":"01KMZNVRED3DN1E61WYK5HPH7P","external_id":"01KMZNVRED3DN1E61WYK5HPH7P","event":{"id":"01KMZNVRED3DN1E61WYK5HPH7P","name":"jd/analyze","data":{"batchId":"b38fadd4-00df-40c1-b2c9-037908a89807","jobDescriptionId":"867fa1e9-5d71-4c26-81d1-dd316647568d"},"ts":1774884610509}}
{"time":"2026-03-30T15:30:10.524072Z","level":"INFO","msg":"publishing event","caller":"api","event_name":"jd/analyze","internal_id":"01KMZNVRED3DN1E61WYK5HPH7Q","external_id":"01KMZNVRED3DN1E61WYK5HPH7Q","event":{"id":"01KMZNVRED3DN1E61WYK5HPH7Q","name":"jd/analyze","data":{"batchId":"b38fadd4-00df-40c1-b2c9-037908a89807","jobDescriptionId":"124f7549-afac-4e45-9f85-d88a55625b28"},"ts":1774884610509}}
{"time":"2026-03-30T15:30:10.524303Z","level":"INFO","msg":"publishing event","caller":"api","event_name":"jd/analyze","internal_id":"01KMZNVRED3DN1E61WYK5HPH7R","external_id":"01KMZNVRED3DN1E61WYK5HPH7R","event":{"id":"01KMZNVRED3DN1E61WYK5HPH7R","name":"jd/analyze","data":{"batchId":"b38fadd4-00df-40c1-b2c9-037908a89807","jobDescriptionId":"7beb25eb-622a-43f4-b582-0ac88c7652e7"},"ts":1774884610509}}
{"time":"2026-03-30T15:30:10.524503Z","level":"INFO","msg":"publishing event","caller":"api","event_name":"jd/analyze","internal_id":"01KMZNVRED3DN1E61WYK5HPH7S","external_id":"01KMZNVRED3DN1E61WYK5HPH7S","event":{"id":"01KMZNVRED3DN1E61WYK5HPH7S","name":"jd/analyze","data":{"batchId":"b38fadd4-00df-40c1-b2c9-037908a89807","jobDescriptionId":"663ffca0-678f-401d-ac4b-624e6fc75f9a"},"ts":1774884610509}}
{"time":"2026-03-30T15:30:10.653501Z","level":"INFO","msg":"received event","event":"jd/analyze","event_id":"01KMZNVRED3DN1E61WYK5HPH7N","internal_id":"01KMZNVRED3DN1E61WYK5HPH7N"}
{"time":"2026-03-30T15:30:10.654497Z","level":"INFO","msg":"received event","event":"jd/analyze","event_id":"01KMZNVRED3DN1E61WYK5HPH7R","internal_id":"01KMZNVRED3DN1E61WYK5HPH7R"}
{"time":"2026-03-30T15:30:10.656951Z","level":"INFO","msg":"received event","event":"jd/analyze","event_id":"01KMZNVRED3DN1E61WYK5HPH7Q","internal_id":"01KMZNVRED3DN1E61WYK5HPH7Q"}
{"time":"2026-03-30T15:30:10.658575Z","level":"INFO","msg":"received event","event":"jd/analyze","event_id":"01KMZNVRED3DN1E61WYK5HPH7K","internal_id":"01KMZNVRED3DN1E61WYK5HPH7K"}
{"time":"2026-03-30T15:30:10.656767Z","level":"INFO","msg":"received event","event":"jd/analyze","event_id":"01KMZNVRED3DN1E61WYK5HPH7J","internal_id":"01KMZNVRED3DN1E61WYK5HPH7J"}
{"time":"2026-03-30T15:30:10.658402Z","level":"INFO","msg":"initializing fn","event":"jd/analyze","event_id":"01KMZNVRED3DN1E61WYK5HPH7R","internal_id":"01KMZNVRED3DN1E61WYK5HPH7R","function":"analyze-jd","function_id":"3f1276e0-3c77-5100-a55c-e406a4f5bfc6"}
{"time":"2026-03-30T15:30:10.662975Z","level":"INFO","msg":"initializing fn","event":"jd/analyze","event_id":"01KMZNVRED3DN1E61WYK5HPH7N","internal_id":"01KMZNVRED3DN1E61WYK5HPH7N","function":"analyze-jd","function_id":"3f1276e0-3c77-5100-a55c-e406a4f5bfc6"}
{"time":"2026-03-30T15:30:10.66636Z","level":"INFO","msg":"received event","event":"jd/analyze","event_id":"01KMZNVRED3DN1E61WYK5HPH7G","internal_id":"01KMZNVRED3DN1E61WYK5HPH7G"}
{"time":"2026-03-30T15:30:10.666607Z","level":"INFO","msg":"received event","event":"jd/analyze","event_id":"01KMZNVRED3DN1E61WYK5HPH7H","internal_id":"01KMZNVRED3DN1E61WYK5HPH7H"}
{"time":"2026-03-30T15:30:10.666762Z","level":"INFO","msg":"received event","event":"jd/analyze","event_id":"01KMZNVRED3DN1E61WYK5HPH7S","internal_id":"01KMZNVRED3DN1E61WYK5HPH7S"}
{"time":"2026-03-30T15:30:10.667271Z","level":"INFO","msg":"initializing fn","event":"jd/analyze","event_id":"01KMZNVRED3DN1E61WYK5HPH7J","internal_id":"01KMZNVRED3DN1E61WYK5HPH7J","function":"analyze-jd","function_id":"3f1276e0-3c77-5100-a55c-e406a4f5bfc6"}
{"time":"2026-03-30T15:30:10.668315Z","level":"INFO","msg":"received event","event":"jd/analyze","event_id":"01KMZNVRED3DN1E61WYK5HPH7P","internal_id":"01KMZNVRED3DN1E61WYK5HPH7P"}
{"time":"2026-03-30T15:30:10.668389Z","level":"INFO","msg":"initializing fn","event":"jd/analyze","event_id":"01KMZNVRED3DN1E61WYK5HPH7G","internal_id":"01KMZNVRED3DN1E61WYK5HPH7G","function":"analyze-jd","function_id":"3f1276e0-3c77-5100-a55c-e406a4f5bfc6"}
{"time":"2026-03-30T15:30:10.671526Z","level":"INFO","msg":"initializing fn","event":"jd/analyze","event_id":"01KMZNVRED3DN1E61WYK5HPH7Q","internal_id":"01KMZNVRED3DN1E61WYK5HPH7Q","function":"analyze-jd","function_id":"3f1276e0-3c77-5100-a55c-e406a4f5bfc6"}
{"time":"2026-03-30T15:30:10.672378Z","level":"INFO","msg":"initializing fn","event":"jd/analyze","event_id":"01KMZNVRED3DN1E61WYK5HPH7S","internal_id":"01KMZNVRED3DN1E61WYK5HPH7S","function":"analyze-jd","function_id":"3f1276e0-3c77-5100-a55c-e406a4f5bfc6"}
{"time":"2026-03-30T15:30:10.673872Z","level":"INFO","msg":"received event","event":"jd/analyze","event_id":"01KMZNVRED3DN1E61WYK5HPH7M","internal_id":"01KMZNVRED3DN1E61WYK5HPH7M"}
{"time":"2026-03-30T15:30:10.675822Z","level":"INFO","msg":"initializing fn","event":"jd/analyze","event_id":"01KMZNVRED3DN1E61WYK5HPH7H","internal_id":"01KMZNVRED3DN1E61WYK5HPH7H","function":"analyze-jd","function_id":"3f1276e0-3c77-5100-a55c-e406a4f5bfc6"}
{"time":"2026-03-30T15:30:10.676079Z","level":"INFO","msg":"initializing fn","event":"jd/analyze","event_id":"01KMZNVRED3DN1E61WYK5HPH7K","internal_id":"01KMZNVRED3DN1E61WYK5HPH7K","function":"analyze-jd","function_id":"3f1276e0-3c77-5100-a55c-e406a4f5bfc6"}
{"time":"2026-03-30T15:30:10.676641Z","level":"INFO","msg":"initializing fn","event":"jd/analyze","event_id":"01KMZNVRED3DN1E61WYK5HPH7M","internal_id":"01KMZNVRED3DN1E61WYK5HPH7M","function":"analyze-jd","function_id":"3f1276e0-3c77-5100-a55c-e406a4f5bfc6"}
{"time":"2026-03-30T15:30:10.678335Z","level":"INFO","msg":"initializing fn","event":"jd/analyze","event_id":"01KMZNVRED3DN1E61WYK5HPH7P","internal_id":"01KMZNVRED3DN1E61WYK5HPH7P","function":"analyze-jd","function_id":"3f1276e0-3c77-5100-a55c-e406a4f5bfc6"}
{"time":"2026-03-30T15:31:34.730069Z","level":"INFO","msg":"received event","event":"inngest/function.finished","event_id":"01KMZNYAJYTC485PMBB9DZDC98","internal_id":"01KMZNYAJYKW8NZJKR85RN1TQX"}
{"time":"2026-03-30T15:31:35.232339Z","level":"INFO","msg":"received event","event":"inngest/function.finished","event_id":"01KMZNYB3CRMQ9HKMSZ5VFECVY","internal_id":"01KMZNYB3CM1T20WCCYRT4SPKM"}
{"time":"2026-03-30T15:31:48.779428Z","level":"INFO","msg":"received event","event":"inngest/function.finished","event_id":"01KMZNYR6DGQAJWNAF8NB2T3RW","internal_id":"01KMZNYR6DQWSBZSWGDYMYZKG3"}
{"time":"2026-03-30T15:33:00.464513Z","level":"INFO","msg":"received event","event":"inngest/function.finished","event_id":"01KMZP0YCM2WB36DJFCBESRCP4","internal_id":"01KMZP0YCM325JZ1AQNEB9F4SZ"}
{"time":"2026-03-30T15:33:03.72792Z","level":"INFO","msg":"received event","event":"inngest/function.finished","event_id":"01KMZP11D7PCS8H5N9PQXDX5X4","internal_id":"01KMZP11D753MPKQM2KDY4NK27"}
{"time":"2026-03-30T15:33:18.279477Z","level":"INFO","msg":"received event","event":"inngest/function.finished","event_id":"01KMZP1FJJWZ856MSZAFZ5QJVC","internal_id":"01KMZP1FJJGP8WQWD896GAA73V"}
{"time":"2026-03-30T15:34:20.990608Z","level":"INFO","msg":"received event","event":"inngest/function.finished","event_id":"01KMZP3D1DJR416MK7RPMFM1FA","internal_id":"01KMZP3D1D5M3QS3Y18BBG4WA0"}
{"time":"2026-03-30T15:34:30.526565Z","level":"INFO","msg":"received event","event":"inngest/function.finished","event_id":"01KMZP3P9A2C3JBHM94YQXDQS4","internal_id":"01KMZP3P9AKRRN3Q2HRYCE9KZV"}
{"time":"2026-03-30T15:34:41.310491Z","level":"INFO","msg":"received event","event":"inngest/function.finished","event_id":"01KMZP40RT5Y53G61NCVWRVGY6","internal_id":"01KMZP40RTA9A6BYGXJ1JS2EMP"}
{"time":"2026-03-30T15:35:53.612519Z","level":"INFO","msg":"received event","event":"inngest/function.finished","event_id":"01KMZP67DGMP1KYHE4EF047RQ2","internal_id":"01KMZP67DGQAKBWRN7GB0W1EYD"}
{"time":"2026-03-30T15:46:46.214478Z","level":"INFO","msg":"publishing event","caller":"api","event_name":"company/scrape","internal_id":"01KMZPT4SYVFTZ3T13FQ7HEZYM","external_id":"01KMZPT4SYVFTZ3T13FQ7HEZYM","event":{"id":"01KMZPT4SYVFTZ3T13FQ7HEZYM","name":"company/scrape","data":{"batchId":"37946a41-8517-45f3-bf61-906b42af99f7","companyId":"0e8aca24-cf1e-403a-ae0c-54ab78bd25af"},"ts":1774885606206}}
{"time":"2026-03-30T15:46:46.319431Z","level":"INFO","msg":"received event","event":"company/scrape","event_id":"01KMZPT4SYVFTZ3T13FQ7HEZYM","internal_id":"01KMZPT4SYVFTZ3T13FQ7HEZYM"}
{"time":"2026-03-30T15:46:46.322346Z","level":"INFO","msg":"initializing fn","event":"company/scrape","event_id":"01KMZPT4SYVFTZ3T13FQ7HEZYM","internal_id":"01KMZPT4SYVFTZ3T13FQ7HEZYM","function":"scrape-company","function_id":"a150c4f5-a846-505d-beab-e0f5a2f2c66f"}
{"time":"2026-03-30T15:47:04.890279Z","level":"INFO","msg":"received event","event":"inngest/function.finished","event_id":"01KMZPTPZY3M13ZPQ7JN0T9003","internal_id":"01KMZPTPZZ8A49568G28ZN8ZH4"}
{"time":"2026-03-30T15:47:19.634154Z","level":"INFO","msg":"publishing event","caller":"api","event_name":"jd/analyze","internal_id":"01KMZPV5EE5X8E4EFRHMYDB5AA","external_id":"01KMZPV5EE5X8E4EFRHMYDB5AA","event":{"id":"01KMZPV5EE5X8E4EFRHMYDB5AA","name":"jd/analyze","data":{"batchId":"37946a41-8517-45f3-bf61-906b42af99f7","jobDescriptionId":"9435264a-549c-497e-bc11-8f183d7b36f5"},"ts":1774885639630}}
{"time":"2026-03-30T15:47:19.635383Z","level":"INFO","msg":"publishing event","caller":"api","event_name":"jd/analyze","internal_id":"01KMZPV5EE5X8E4EFRHMYDB5AB","external_id":"01KMZPV5EE5X8E4EFRHMYDB5AB","event":{"id":"01KMZPV5EE5X8E4EFRHMYDB5AB","name":"jd/analyze","data":{"batchId":"37946a41-8517-45f3-bf61-906b42af99f7","jobDescriptionId":"a3cb90ba-5661-4c40-abd3-62052444e79d"},"ts":1774885639630}}
{"time":"2026-03-30T15:47:19.635541Z","level":"INFO","msg":"publishing event","caller":"api","event_name":"jd/analyze","internal_id":"01KMZPV5EE5X8E4EFRHMYDB5AC","external_id":"01KMZPV5EE5X8E4EFRHMYDB5AC","event":{"id":"01KMZPV5EE5X8E4EFRHMYDB5AC","name":"jd/analyze","data":{"batchId":"37946a41-8517-45f3-bf61-906b42af99f7","jobDescriptionId":"0746f812-494e-451c-bf9d-6990decf7046"},"ts":1774885639630}}
{"time":"2026-03-30T15:47:19.635617Z","level":"INFO","msg":"publishing event","caller":"api","event_name":"jd/analyze","internal_id":"01KMZPV5EE5X8E4EFRHMYDB5AD","external_id":"01KMZPV5EE5X8E4EFRHMYDB5AD","event":{"id":"01KMZPV5EE5X8E4EFRHMYDB5AD","name":"jd/analyze","data":{"batchId":"37946a41-8517-45f3-bf61-906b42af99f7","jobDescriptionId":"3b48ea9b-d508-4486-bb5f-4c26da0834a5"},"ts":1774885639630}}
{"time":"2026-03-30T15:47:19.635674Z","level":"INFO","msg":"publishing event","caller":"api","event_name":"jd/analyze","internal_id":"01KMZPV5EE5X8E4EFRHMYDB5AE","external_id":"01KMZPV5EE5X8E4EFRHMYDB5AE","event":{"id":"01KMZPV5EE5X8E4EFRHMYDB5AE","name":"jd/analyze","data":{"batchId":"37946a41-8517-45f3-bf61-906b42af99f7","jobDescriptionId":"b51c1693-7c7e-47fa-a444-198e1768a99e"},"ts":1774885639630}}
{"time":"2026-03-30T15:47:19.635735Z","level":"INFO","msg":"publishing event","caller":"api","event_name":"jd/analyze","internal_id":"01KMZPV5EE5X8E4EFRHMYDB5AF","external_id":"01KMZPV5EE5X8E4EFRHMYDB5AF","event":{"id":"01KMZPV5EE5X8E4EFRHMYDB5AF","name":"jd/analyze","data":{"batchId":"37946a41-8517-45f3-bf61-906b42af99f7","jobDescriptionId":"cf97ab71-3a82-4be4-8241-679e7d9424d4"},"ts":1774885639630}}
{"time":"2026-03-30T15:47:19.635855Z","level":"INFO","msg":"publishing event","caller":"api","event_name":"jd/analyze","internal_id":"01KMZPV5EE5X8E4EFRHMYDB5AG","external_id":"01KMZPV5EE5X8E4EFRHMYDB5AG","event":{"id":"01KMZPV5EE5X8E4EFRHMYDB5AG","name":"jd/analyze","data":{"batchId":"37946a41-8517-45f3-bf61-906b42af99f7","jobDescriptionId":"d5b0a28d-c79c-4178-ab5e-61a8143c0a25"},"ts":1774885639630}}
{"time":"2026-03-30T15:47:19.635906Z","level":"INFO","msg":"publishing event","caller":"api","event_name":"jd/analyze","internal_id":"01KMZPV5EE5X8E4EFRHMYDB5AH","external_id":"01KMZPV5EE5X8E4EFRHMYDB5AH","event":{"id":"01KMZPV5EE5X8E4EFRHMYDB5AH","name":"jd/analyze","data":{"batchId":"37946a41-8517-45f3-bf61-906b42af99f7","jobDescriptionId":"39d59cc9-327e-4f0d-a649-1ef3e220f6da"},"ts":1774885639630}}
{"time":"2026-03-30T15:47:19.635955Z","level":"INFO","msg":"publishing event","caller":"api","event_name":"jd/analyze","internal_id":"01KMZPV5EE5X8E4EFRHMYDB5AJ","external_id":"01KMZPV5EE5X8E4EFRHMYDB5AJ","event":{"id":"01KMZPV5EE5X8E4EFRHMYDB5AJ","name":"jd/analyze","data":{"batchId":"37946a41-8517-45f3-bf61-906b42af99f7","jobDescriptionId":"a3582809-ce2d-47a1-9bc8-c5bad4cea1fb"},"ts":1774885639630}}
{"time":"2026-03-30T15:47:19.636004Z","level":"INFO","msg":"publishing event","caller":"api","event_name":"jd/analyze","internal_id":"01KMZPV5EE5X8E4EFRHMYDB5AK","external_id":"01KMZPV5EE5X8E4EFRHMYDB5AK","event":{"id":"01KMZPV5EE5X8E4EFRHMYDB5AK","name":"jd/analyze","data":{"batchId":"37946a41-8517-45f3-bf61-906b42af99f7","jobDescriptionId":"549033db-1088-4245-8e92-a93224765a9e"},"ts":1774885639630}}
{"time":"2026-03-30T15:47:19.691016Z","level":"INFO","msg":"received event","event":"jd/analyze","event_id":"01KMZPV5EE5X8E4EFRHMYDB5AE","internal_id":"01KMZPV5EE5X8E4EFRHMYDB5AE"}
{"time":"2026-03-30T15:47:19.691012Z","level":"INFO","msg":"received event","event":"jd/analyze","event_id":"01KMZPV5EE5X8E4EFRHMYDB5AC","internal_id":"01KMZPV5EE5X8E4EFRHMYDB5AC"}
{"time":"2026-03-30T15:47:19.691931Z","level":"INFO","msg":"initializing fn","event":"jd/analyze","event_id":"01KMZPV5EE5X8E4EFRHMYDB5AC","internal_id":"01KMZPV5EE5X8E4EFRHMYDB5AC","function":"analyze-jd","function_id":"3f1276e0-3c77-5100-a55c-e406a4f5bfc6"}
{"time":"2026-03-30T15:47:19.691932Z","level":"INFO","msg":"initializing fn","event":"jd/analyze","event_id":"01KMZPV5EE5X8E4EFRHMYDB5AE","internal_id":"01KMZPV5EE5X8E4EFRHMYDB5AE","function":"analyze-jd","function_id":"3f1276e0-3c77-5100-a55c-e406a4f5bfc6"}
{"time":"2026-03-30T15:47:19.695839Z","level":"INFO","msg":"received event","event":"jd/analyze","event_id":"01KMZPV5EE5X8E4EFRHMYDB5AH","internal_id":"01KMZPV5EE5X8E4EFRHMYDB5AH"}
{"time":"2026-03-30T15:47:19.695859Z","level":"INFO","msg":"received event","event":"jd/analyze","event_id":"01KMZPV5EE5X8E4EFRHMYDB5AJ","internal_id":"01KMZPV5EE5X8E4EFRHMYDB5AJ"}
{"time":"2026-03-30T15:47:19.696282Z","level":"INFO","msg":"received event","event":"jd/analyze","event_id":"01KMZPV5EE5X8E4EFRHMYDB5AG","internal_id":"01KMZPV5EE5X8E4EFRHMYDB5AG"}
{"time":"2026-03-30T15:47:19.696285Z","level":"INFO","msg":"received event","event":"jd/analyze","event_id":"01KMZPV5EE5X8E4EFRHMYDB5AB","internal_id":"01KMZPV5EE5X8E4EFRHMYDB5AB"}
{"time":"2026-03-30T15:47:19.69636Z","level":"INFO","msg":"received event","event":"jd/analyze","event_id":"01KMZPV5EE5X8E4EFRHMYDB5AA","internal_id":"01KMZPV5EE5X8E4EFRHMYDB5AA"}
{"time":"2026-03-30T15:47:19.696713Z","level":"INFO","msg":"received event","event":"jd/analyze","event_id":"01KMZPV5EE5X8E4EFRHMYDB5AK","internal_id":"01KMZPV5EE5X8E4EFRHMYDB5AK"}
{"time":"2026-03-30T15:47:19.696749Z","level":"INFO","msg":"received event","event":"jd/analyze","event_id":"01KMZPV5EE5X8E4EFRHMYDB5AF","internal_id":"01KMZPV5EE5X8E4EFRHMYDB5AF"}
{"time":"2026-03-30T15:47:19.696845Z","level":"INFO","msg":"received event","event":"jd/analyze","event_id":"01KMZPV5EE5X8E4EFRHMYDB5AD","internal_id":"01KMZPV5EE5X8E4EFRHMYDB5AD"}
{"time":"2026-03-30T15:47:19.697049Z","level":"INFO","msg":"initializing fn","event":"jd/analyze","event_id":"01KMZPV5EE5X8E4EFRHMYDB5AB","internal_id":"01KMZPV5EE5X8E4EFRHMYDB5AB","function":"analyze-jd","function_id":"3f1276e0-3c77-5100-a55c-e406a4f5bfc6"}
{"time":"2026-03-30T15:47:19.697252Z","level":"INFO","msg":"initializing fn","event":"jd/analyze","event_id":"01KMZPV5EE5X8E4EFRHMYDB5AG","internal_id":"01KMZPV5EE5X8E4EFRHMYDB5AG","function":"analyze-jd","function_id":"3f1276e0-3c77-5100-a55c-e406a4f5bfc6"}
{"time":"2026-03-30T15:47:19.697385Z","level":"INFO","msg":"initializing fn","event":"jd/analyze","event_id":"01KMZPV5EE5X8E4EFRHMYDB5AK","internal_id":"01KMZPV5EE5X8E4EFRHMYDB5AK","function":"analyze-jd","function_id":"3f1276e0-3c77-5100-a55c-e406a4f5bfc6"}
{"time":"2026-03-30T15:47:19.697455Z","level":"INFO","msg":"initializing fn","event":"jd/analyze","event_id":"01KMZPV5EE5X8E4EFRHMYDB5AF","internal_id":"01KMZPV5EE5X8E4EFRHMYDB5AF","function":"analyze-jd","function_id":"3f1276e0-3c77-5100-a55c-e406a4f5bfc6"}
{"time":"2026-03-30T15:47:19.697734Z","level":"INFO","msg":"initializing fn","event":"jd/analyze","event_id":"01KMZPV5EE5X8E4EFRHMYDB5AJ","internal_id":"01KMZPV5EE5X8E4EFRHMYDB5AJ","function":"analyze-jd","function_id":"3f1276e0-3c77-5100-a55c-e406a4f5bfc6"}
{"time":"2026-03-30T15:47:19.697826Z","level":"INFO","msg":"initializing fn","event":"jd/analyze","event_id":"01KMZPV5EE5X8E4EFRHMYDB5AA","internal_id":"01KMZPV5EE5X8E4EFRHMYDB5AA","function":"analyze-jd","function_id":"3f1276e0-3c77-5100-a55c-e406a4f5bfc6"}
{"time":"2026-03-30T15:47:19.697867Z","level":"INFO","msg":"initializing fn","event":"jd/analyze","event_id":"01KMZPV5EE5X8E4EFRHMYDB5AD","internal_id":"01KMZPV5EE5X8E4EFRHMYDB5AD","function":"analyze-jd","function_id":"3f1276e0-3c77-5100-a55c-e406a4f5bfc6"}
{"time":"2026-03-30T15:47:19.69789Z","level":"INFO","msg":"initializing fn","event":"jd/analyze","event_id":"01KMZPV5EE5X8E4EFRHMYDB5AH","internal_id":"01KMZPV5EE5X8E4EFRHMYDB5AH","function":"analyze-jd","function_id":"3f1276e0-3c77-5100-a55c-e406a4f5bfc6"}
{"time":"2026-03-30T15:48:51.28021Z","level":"INFO","msg":"received event","event":"inngest/function.finished","event_id":"01KMZPXYS0B0G1FRSM6D2ZJQ64","internal_id":"01KMZPXYS0THBY4DCE63QKMH6C"}
{"time":"2026-03-30T15:48:53.037132Z","level":"INFO","msg":"received event","event":"inngest/function.finished","event_id":"01KMZPY0KYK8XG3ZEF90XVGFST","internal_id":"01KMZPY0KYW2FDDGRQQGC99YAN"}
{"time":"2026-03-30T15:48:59.310342Z","level":"INFO","msg":"received event","event":"inngest/function.finished","event_id":"01KMZPY6JJJ2EDSC5JJDCRDF2H","internal_id":"01KMZPY6JJQSBZ31CPRYZ5Q2GH"}
{"time":"2026-03-30T15:50:18.071592Z","level":"INFO","msg":"received event","event":"inngest/function.finished","event_id":"01KMZQ0KH198E37X01JZ67HC0N","internal_id":"01KMZQ0KH1J74J7D5FEAP1HNH6"}
{"time":"2026-03-30T15:50:20.578042Z","level":"INFO","msg":"received event","event":"inngest/function.finished","event_id":"01KMZQ0P4ZQXXT5ZFGHRCZQAWH","internal_id":"01KMZQ0P4ZN0D21G4TDXAHPGF8"}
{"time":"2026-03-30T15:50:21.832097Z","level":"INFO","msg":"received event","event":"inngest/function.finished","event_id":"01KMZQ0Q9C9VWRZ6PBFE5JHAB0","internal_id":"01KMZQ0Q9CGDQ4BNX7E3MCZPJ8"}
{"time":"2026-03-30T15:51:46.871158Z","level":"INFO","msg":"received event","event":"inngest/function.finished","event_id":"01KMZQ3ADPZMACA4N7QE6W3JPP","internal_id":"01KMZQ3ADPB9E5K4TG2Z9JWNG0"}
{"time":"2026-03-30T15:51:50.133781Z","level":"INFO","msg":"received event","event":"inngest/function.finished","event_id":"01KMZQ3DJATXQH8E11H8G4EJ12","internal_id":"01KMZQ3DJA0WTWPQAYV8ZKTBM3"}
{"time":"2026-03-30T15:51:52.642762Z","level":"INFO","msg":"received event","event":"inngest/function.finished","event_id":"01KMZQ3FY0HZNYS1FSSJHRRJ7P","internal_id":"01KMZQ3FY06K9HR6P85QMKBJWC"}
{"time":"2026-03-30T15:53:14.792897Z","level":"INFO","msg":"received event","event":"inngest/function.finished","event_id":"01KMZQ603DAMPCJN6NS17VKBCF","internal_id":"01KMZQ603DVZWD5XFG3QFYK5K1"}
{"time":"2026-03-30T16:30:39.65423Z","level":"INFO","msg":"publishing event","caller":"api","event_name":"company/scrape","internal_id":"01KMZSAGGGKP1YQJW4V32120DQ","external_id":"01KMZSAGGGKP1YQJW4V32120DQ","event":{"id":"01KMZSAGGGKP1YQJW4V32120DQ","name":"company/scrape","data":{"batchId":"dbdbab5d-f1ac-40e8-9fcd-97659156fa1c","companyId":"48b9dfb3-8b73-4e13-a0c7-7f1f3a34392c"},"ts":1774888239632}}
{"time":"2026-03-30T16:30:39.780732Z","level":"INFO","msg":"received event","event":"company/scrape","event_id":"01KMZSAGGGKP1YQJW4V32120DQ","internal_id":"01KMZSAGGGKP1YQJW4V32120DQ"}
{"time":"2026-03-30T16:30:39.784084Z","level":"INFO","msg":"initializing fn","event":"company/scrape","event_id":"01KMZSAGGGKP1YQJW4V32120DQ","internal_id":"01KMZSAGGGKP1YQJW4V32120DQ","function":"scrape-company","function_id":"a150c4f5-a846-505d-beab-e0f5a2f2c66f"}
{"time":"2026-03-30T16:30:52.086241Z","level":"INFO","msg":"received event","event":"inngest/function.finished","event_id":"01KMZSAWEZ6CVMW6SSC4TSRRSY","internal_id":"01KMZSAWF0H68JB994JEQE91YQ"}
{"time":"2026-03-30T16:31:46.394834Z","level":"INFO","msg":"publishing event","caller":"api","event_name":"jd/analyze","internal_id":"01KMZSCHPJD2NHYWM4AZ6DFT6Y","external_id":"01KMZSCHPJD2NHYWM4AZ6DFT6Y","event":{"id":"01KMZSCHPJD2NHYWM4AZ6DFT6Y","name":"jd/analyze","data":{"batchId":"dbdbab5d-f1ac-40e8-9fcd-97659156fa1c","jobDescriptionId":"0fab3f37-e2e1-4815-b15b-36a0047e5da9"},"ts":1774888306386}}
{"time":"2026-03-30T16:31:46.395514Z","level":"INFO","msg":"publishing event","caller":"api","event_name":"jd/analyze","internal_id":"01KMZSCHPJD2NHYWM4AZ6DFT6Z","external_id":"01KMZSCHPJD2NHYWM4AZ6DFT6Z","event":{"id":"01KMZSCHPJD2NHYWM4AZ6DFT6Z","name":"jd/analyze","data":{"batchId":"dbdbab5d-f1ac-40e8-9fcd-97659156fa1c","jobDescriptionId":"d873023c-40dd-4a4e-997c-e31561679f9e"},"ts":1774888306386}}
{"time":"2026-03-30T16:31:46.395625Z","level":"INFO","msg":"publishing event","caller":"api","event_name":"jd/analyze","internal_id":"01KMZSCHPJD2NHYWM4AZ6DFT70","external_id":"01KMZSCHPJD2NHYWM4AZ6DFT70","event":{"id":"01KMZSCHPJD2NHYWM4AZ6DFT70","name":"jd/analyze","data":{"batchId":"dbdbab5d-f1ac-40e8-9fcd-97659156fa1c","jobDescriptionId":"0f3ccd58-a6e7-4636-b563-12deeec8947e"},"ts":1774888306386}}
{"time":"2026-03-30T16:31:46.395744Z","level":"INFO","msg":"publishing event","caller":"api","event_name":"jd/analyze","internal_id":"01KMZSCHPJD2NHYWM4AZ6DFT71","external_id":"01KMZSCHPJD2NHYWM4AZ6DFT71","event":{"id":"01KMZSCHPJD2NHYWM4AZ6DFT71","name":"jd/analyze","data":{"batchId":"dbdbab5d-f1ac-40e8-9fcd-97659156fa1c","jobDescriptionId":"c6000291-ae99-48b9-beb7-1da3351990f5"},"ts":1774888306386}}
{"time":"2026-03-30T16:31:46.395811Z","level":"INFO","msg":"publishing event","caller":"api","event_name":"jd/analyze","internal_id":"01KMZSCHPJD2NHYWM4AZ6DFT72","external_id":"01KMZSCHPJD2NHYWM4AZ6DFT72","event":{"id":"01KMZSCHPJD2NHYWM4AZ6DFT72","name":"jd/analyze","data":{"batchId":"dbdbab5d-f1ac-40e8-9fcd-97659156fa1c","jobDescriptionId":"5a52a261-e5ee-4261-b817-d3b1c843ca7b"},"ts":1774888306386}}
{"time":"2026-03-30T16:31:46.395861Z","level":"INFO","msg":"publishing event","caller":"api","event_name":"jd/analyze","internal_id":"01KMZSCHPJD2NHYWM4AZ6DFT73","external_id":"01KMZSCHPJD2NHYWM4AZ6DFT73","event":{"id":"01KMZSCHPJD2NHYWM4AZ6DFT73","name":"jd/analyze","data":{"batchId":"dbdbab5d-f1ac-40e8-9fcd-97659156fa1c","jobDescriptionId":"e0111db0-0dcf-4168-a9be-0e99b08097e9"},"ts":1774888306386}}
{"time":"2026-03-30T16:31:46.395924Z","level":"INFO","msg":"publishing event","caller":"api","event_name":"jd/analyze","internal_id":"01KMZSCHPJD2NHYWM4AZ6DFT74","external_id":"01KMZSCHPJD2NHYWM4AZ6DFT74","event":{"id":"01KMZSCHPJD2NHYWM4AZ6DFT74","name":"jd/analyze","data":{"batchId":"dbdbab5d-f1ac-40e8-9fcd-97659156fa1c","jobDescriptionId":"afb75dc1-4dbf-4961-9139-ca1299ceffe8"},"ts":1774888306386}}
{"time":"2026-03-30T16:31:46.395971Z","level":"INFO","msg":"publishing event","caller":"api","event_name":"jd/analyze","internal_id":"01KMZSCHPJD2NHYWM4AZ6DFT75","external_id":"01KMZSCHPJD2NHYWM4AZ6DFT75","event":{"id":"01KMZSCHPJD2NHYWM4AZ6DFT75","name":"jd/analyze","data":{"batchId":"dbdbab5d-f1ac-40e8-9fcd-97659156fa1c","jobDescriptionId":"4c09784c-c876-4fc8-997a-cb015c2285d6"},"ts":1774888306386}}
{"time":"2026-03-30T16:31:46.396103Z","level":"INFO","msg":"publishing event","caller":"api","event_name":"jd/analyze","internal_id":"01KMZSCHPJD2NHYWM4AZ6DFT76","external_id":"01KMZSCHPJD2NHYWM4AZ6DFT76","event":{"id":"01KMZSCHPJD2NHYWM4AZ6DFT76","name":"jd/analyze","data":{"batchId":"dbdbab5d-f1ac-40e8-9fcd-97659156fa1c","jobDescriptionId":"ff1f6558-cdd3-4db3-8505-94b0ac775e73"},"ts":1774888306386}}
{"time":"2026-03-30T16:31:46.584765Z","level":"INFO","msg":"received event","event":"jd/analyze","event_id":"01KMZSCHPJD2NHYWM4AZ6DFT73","internal_id":"01KMZSCHPJD2NHYWM4AZ6DFT73"}
{"time":"2026-03-30T16:31:46.586985Z","level":"INFO","msg":"received event","event":"jd/analyze","event_id":"01KMZSCHPJD2NHYWM4AZ6DFT75","internal_id":"01KMZSCHPJD2NHYWM4AZ6DFT75"}
{"time":"2026-03-30T16:31:46.586989Z","level":"INFO","msg":"received event","event":"jd/analyze","event_id":"01KMZSCHPJD2NHYWM4AZ6DFT74","internal_id":"01KMZSCHPJD2NHYWM4AZ6DFT74"}
{"time":"2026-03-30T16:31:46.587453Z","level":"INFO","msg":"initializing fn","event":"jd/analyze","event_id":"01KMZSCHPJD2NHYWM4AZ6DFT74","internal_id":"01KMZSCHPJD2NHYWM4AZ6DFT74","function":"analyze-jd","function_id":"3f1276e0-3c77-5100-a55c-e406a4f5bfc6"}
{"time":"2026-03-30T16:31:46.587486Z","level":"INFO","msg":"initializing fn","event":"jd/analyze","event_id":"01KMZSCHPJD2NHYWM4AZ6DFT75","internal_id":"01KMZSCHPJD2NHYWM4AZ6DFT75","function":"analyze-jd","function_id":"3f1276e0-3c77-5100-a55c-e406a4f5bfc6"}
{"time":"2026-03-30T16:31:46.592339Z","level":"INFO","msg":"received event","event":"jd/analyze","event_id":"01KMZSCHPJD2NHYWM4AZ6DFT6Y","internal_id":"01KMZSCHPJD2NHYWM4AZ6DFT6Y"}
{"time":"2026-03-30T16:31:46.592396Z","level":"INFO","msg":"received event","event":"jd/analyze","event_id":"01KMZSCHPJD2NHYWM4AZ6DFT6Z","internal_id":"01KMZSCHPJD2NHYWM4AZ6DFT6Z"}
{"time":"2026-03-30T16:31:46.592441Z","level":"INFO","msg":"received event","event":"jd/analyze","event_id":"01KMZSCHPJD2NHYWM4AZ6DFT72","internal_id":"01KMZSCHPJD2NHYWM4AZ6DFT72"}
{"time":"2026-03-30T16:31:46.592605Z","level":"INFO","msg":"received event","event":"jd/analyze","event_id":"01KMZSCHPJD2NHYWM4AZ6DFT70","internal_id":"01KMZSCHPJD2NHYWM4AZ6DFT70"}
{"time":"2026-03-30T16:31:46.592633Z","level":"INFO","msg":"received event","event":"jd/analyze","event_id":"01KMZSCHPJD2NHYWM4AZ6DFT71","internal_id":"01KMZSCHPJD2NHYWM4AZ6DFT71"}
{"time":"2026-03-30T16:31:46.593035Z","level":"INFO","msg":"received event","event":"jd/analyze","event_id":"01KMZSCHPJD2NHYWM4AZ6DFT76","internal_id":"01KMZSCHPJD2NHYWM4AZ6DFT76"}
{"time":"2026-03-30T16:31:46.593058Z","level":"INFO","msg":"initializing fn","event":"jd/analyze","event_id":"01KMZSCHPJD2NHYWM4AZ6DFT6Z","internal_id":"01KMZSCHPJD2NHYWM4AZ6DFT6Z","function":"analyze-jd","function_id":"3f1276e0-3c77-5100-a55c-e406a4f5bfc6"}
{"time":"2026-03-30T16:31:46.593101Z","level":"INFO","msg":"initializing fn","event":"jd/analyze","event_id":"01KMZSCHPJD2NHYWM4AZ6DFT71","internal_id":"01KMZSCHPJD2NHYWM4AZ6DFT71","function":"analyze-jd","function_id":"3f1276e0-3c77-5100-a55c-e406a4f5bfc6"}
{"time":"2026-03-30T16:31:46.593499Z","level":"INFO","msg":"initializing fn","event":"jd/analyze","event_id":"01KMZSCHPJD2NHYWM4AZ6DFT73","internal_id":"01KMZSCHPJD2NHYWM4AZ6DFT73","function":"analyze-jd","function_id":"3f1276e0-3c77-5100-a55c-e406a4f5bfc6"}
{"time":"2026-03-30T16:31:46.595228Z","level":"INFO","msg":"initializing fn","event":"jd/analyze","event_id":"01KMZSCHPJD2NHYWM4AZ6DFT72","internal_id":"01KMZSCHPJD2NHYWM4AZ6DFT72","function":"analyze-jd","function_id":"3f1276e0-3c77-5100-a55c-e406a4f5bfc6"}
{"time":"2026-03-30T16:31:46.595339Z","level":"INFO","msg":"initializing fn","event":"jd/analyze","event_id":"01KMZSCHPJD2NHYWM4AZ6DFT70","internal_id":"01KMZSCHPJD2NHYWM4AZ6DFT70","function":"analyze-jd","function_id":"3f1276e0-3c77-5100-a55c-e406a4f5bfc6"}
{"time":"2026-03-30T16:31:46.595434Z","level":"INFO","msg":"initializing fn","event":"jd/analyze","event_id":"01KMZSCHPJD2NHYWM4AZ6DFT76","internal_id":"01KMZSCHPJD2NHYWM4AZ6DFT76","function":"analyze-jd","function_id":"3f1276e0-3c77-5100-a55c-e406a4f5bfc6"}
{"time":"2026-03-30T16:31:46.595517Z","level":"INFO","msg":"initializing fn","event":"jd/analyze","event_id":"01KMZSCHPJD2NHYWM4AZ6DFT6Y","internal_id":"01KMZSCHPJD2NHYWM4AZ6DFT6Y","function":"analyze-jd","function_id":"3f1276e0-3c77-5100-a55c-e406a4f5bfc6"}
{"time":"2026-03-30T16:33:07.128155Z","level":"INFO","msg":"received event","event":"inngest/function.finished","event_id":"01KMZSF0D6YA8Q44SKPDJX78XT","internal_id":"01KMZSF0D6XE73KN931EWYAKNG"}
{"time":"2026-03-30T16:33:07.630025Z","level":"INFO","msg":"received event","event":"inngest/function.finished","event_id":"01KMZSF0W4EJ0KMP8A1H8PETWG","internal_id":"01KMZSF0W4XHGSA2BEM5AW2CGX"}
{"time":"2026-03-30T16:33:08.884558Z","level":"INFO","msg":"received event","event":"inngest/function.finished","event_id":"01KMZSF276VZ6ZHNJDXY6CDMNV","internal_id":"01KMZSF2765VX8TK40M74ME76M"}
{"time":"2026-03-30T16:34:22.17101Z","level":"INFO","msg":"received event","event":"inngest/function.finished","event_id":"01KMZSH9TE4AHE7SC3AY7Q5DG9","internal_id":"01KMZSH9TEKMMJX6HXXCA3S21Z"}
{"time":"2026-03-30T16:34:34.465331Z","level":"INFO","msg":"received event","event":"inngest/function.finished","event_id":"01KMZSHNKNJ4WDS9GNN7ZT66G9","internal_id":"01KMZSHNKNRZ8D0GTWP2J3AXXS"}
{"time":"2026-03-30T16:34:35.743825Z","level":"INFO","msg":"received event","event":"inngest/function.finished","event_id":"01KMZSHPTCK6T9782ADMAE2DPJ","internal_id":"01KMZSHPTCQYGM03MP29S7QQ2R"}
{"time":"2026-03-30T16:35:50.254724Z","level":"INFO","msg":"received event","event":"inngest/function.finished","event_id":"01KMZSKZRK79WH9PHVH7DQWT9W","internal_id":"01KMZSKZRKYN6TJJS9RB0A7BSM"}
{"time":"2026-03-30T16:36:02.296649Z","level":"INFO","msg":"received event","event":"inngest/function.finished","event_id":"01KMZSMBBX28Y7984NYHT5CT4X","internal_id":"01KMZSMBBXZNA8V9WG3PAEGCRX"}
{"time":"2026-03-30T16:36:06.060896Z","level":"INFO","msg":"received event","event":"inngest/function.finished","event_id":"01KMZSMF4PDT4YGJH4E9HPKBXJ","internal_id":"01KMZSMF4PFMNKC6M8PRF7FK82"}
