
> ai-automation-index@0.1.0 dev
> next dev

▲ Next.js 16.1.6 (Turbopack)
- Local:         http://localhost:3003
- Network:       http://192.168.1.11:3003
- Environments: .env.local

✓ Starting...
⚠ The "middleware" file convention is deprecated. Please use "proxy" instead. Learn more: https://nextjs.org/docs/messages/middleware-to-proxy
✓ Ready in 1271ms
 GET /api/inngest 200 in 1090ms (compile: 1063ms, render: 27ms)
 PUT /api/inngest 200 in 126ms (compile: 25ms, render: 102ms)
 GET /api/inngest 200 in 45ms (compile: 21ms, render: 24ms)
 GET /x/inngest 404 in 457ms (compile: 338ms, render: 119ms)
 GET /.netlify/functions/inngest 404 in 27ms (compile: 2ms, render: 25ms)
 GET /.redwood/functions/inngest 404 in 27ms (compile: 2ms, render: 25ms)
 PUT /api/inngest 200 in 19ms (compile: 4ms, render: 15ms)
 PUT /api/inngest 200 in 20ms (compile: 4ms, render: 16ms)
 PUT /api/inngest 200 in 22ms (compile: 3ms, render: 19ms)
 PUT /api/inngest 200 in 17ms (compile: 3ms, render: 14ms)
 PUT /api/inngest 200 in 37ms (compile: 22ms, render: 16ms)
 PUT /api/inngest 200 in 18ms (compile: 3ms, render: 15ms)
 PUT /api/inngest 200 in 16ms (compile: 3ms, render: 13ms)
 PUT /api/inngest 200 in 19ms (compile: 6ms, render: 13ms)
 PUT /api/inngest 200 in 12ms (compile: 2ms, render: 10ms)
 PUT /api/inngest 200 in 11ms (compile: 1924µs, render: 9ms)
 PUT /api/inngest 200 in 26ms (compile: 6ms, render: 20ms)
 PUT /api/inngest 200 in 16ms (compile: 3ms, render: 13ms)
 PUT /api/inngest 200 in 32ms (compile: 13ms, render: 19ms)
 PUT /api/inngest 200 in 19ms (compile: 3ms, render: 17ms)
 PUT /api/inngest 200 in 13ms (compile: 3ms, render: 10ms)
 PUT /api/inngest 200 in 15ms (compile: 4ms, render: 11ms)
 PUT /api/inngest 200 in 14ms (compile: 2ms, render: 12ms)
 PUT /api/inngest 200 in 12ms (compile: 3ms, render: 9ms)
 PUT /api/inngest 200 in 14ms (compile: 3ms, render: 11ms)
 PUT /api/inngest 200 in 14ms (compile: 3ms, render: 11ms)
 PUT /api/inngest 200 in 11ms (compile: 2ms, render: 9ms)
 PUT /api/inngest 200 in 15ms (compile: 3ms, render: 12ms)
 PUT /api/inngest 200 in 13ms (compile: 3ms, render: 11ms)
 PUT /api/inngest 200 in 14ms (compile: 2ms, render: 12ms)
 PUT /api/inngest 200 in 32ms (compile: 2ms, render: 29ms)
 PUT /api/inngest 200 in 11ms (compile: 2ms, render: 9ms)
 PUT /api/inngest 200 in 8ms (compile: 1265µs, render: 7ms)
